%!Adobe-FontList 1.14
%Locale:0x804

%BeginFont
Handler:DirectoryHandler
FontType:Invalid
OutlineFileName:F:\自己的文件夹\新建文件夹\images\Font\font-awesome.css
FileModTime:1449111084
%EndFont

%BeginFont
Handler:DirectoryHandler
FontType:TrueType
FontName:FontAwesome
FamilyName:FontAwesome
StyleName:Regular
FullName:FontAwesome Regular
MenuName:FontAwesome
StyleBits:0
WritingScript:Roman
OutlineFileName:F:\自己的文件夹\新建文件夹\images\Font\fontawesome-webfont.ttf
DataFormat:sfntData
FileLength:138204
FileModTime:1449111084
WeightClass:400
WidthClass:5
AngleClass:0
%EndFont

